#
# There is insufficient memory for the Java Runtime Environment to continue.
# Native memory allocation (malloc) failed to allocate 508832 bytes for Chunk::new
# Possible reasons:
#   The system is out of physical RAM or swap space
#   The process is running with CompressedOops enabled, and the Java Heap may be blocking the growth of the native heap
# Possible solutions:
#   Reduce memory load on the system
#   Increase physical memory or swap space
#   Check if swap backing store is full
#   Decrease Java heap size (-Xmx/-Xms)
#   Decrease number of Java threads
#   Decrease Java thread stack sizes (-Xss)
#   Set larger code cache with -XX:ReservedCodeCacheSize=
#   JVM is running with Unscaled Compressed Oops mode in which the Java heap is
#     placed in the first 4GB address space. The Java Heap base address is the
#     maximum limit for the native heap growth. Please use -XX:HeapBaseMinAddress
#     to set the Java Heap base and to place the Java Heap above 4GB virtual address.
# This output file may be truncated or incomplete.
#
#  Out of Memory Error (allocation.cpp:389), pid=17812, tid=0x00000000000024b8
#
# JRE version: OpenJDK Runtime Environment (8.0_242-b01) (build 1.8.0_242-release-1644-b01)
# Java VM: OpenJDK 64-Bit Server VM (25.242-b01 mixed mode windows-amd64 compressed oops)
# Failed to write core dump. Minidumps are not enabled by default on client versions of Windows
#

---------------  T H R E A D  ---------------

Current thread (0x0000000013a98800):  JavaThread "C2 CompilerThread0" daemon [_thread_in_native, id=9400, stack(0x00000000150e0000,0x00000000151e0000)]

Stack: [0x00000000150e0000,0x00000000151e0000]
[error occurred during error reporting (printing stack bounds), id 0xc0000005]

Native frames: (J=compiled Java code, j=interpreted, Vv=VM code, C=native code)


Current CompileTask:
C2: 116490 2926       4       org.objectweb.asm.Frame::execute (2318 bytes)


---------------  P R O C E S S  ---------------

Java Threads: ( => current thread )
  0x00000000172f3800 JavaThread "jar transforms Thread 2" [_thread_blocked, id=16460, stack(0x0000000000800000,0x0000000000900000)]
  0x0000000015fcf000 JavaThread "Cache worker for file content cache (C:\Users\DELL\.gradle\caches\6.5\fileContent)" [_thread_blocked, id=1876, stack(0x000000001ddb0000,0x000000001deb0000)]
  0x0000000015fd4000 JavaThread "Cache worker for execution history cache (C:\Users\DELL\.gradle\caches\6.5\executionHistory)" [_thread_blocked, id=16812, stack(0x000000001d5b0000,0x000000001d6b0000)]
  0x0000000015fd2800 JavaThread "Cache worker for cache directory md-rule (C:\Users\DELL\.gradle\caches\6.5\md-rule)" [_thread_blocked, id=9712, stack(0x000000001d4b0000,0x000000001d5b0000)]
  0x0000000015fd2000 JavaThread "Cache worker for cache directory md-supplier (C:\Users\DELL\.gradle\caches\6.5\md-supplier)" [_thread_blocked, id=648, stack(0x000000001c1a0000,0x000000001c2a0000)]
  0x0000000015fd1000 JavaThread "Cache worker for checksums cache (D:\tECHNO\Joclaims\android\.gradle\checksums)" [_thread_blocked, id=12760, stack(0x000000001c0a0000,0x000000001c1a0000)]
  0x0000000015fd0800 JavaThread "Cache worker for file hash cache (D:\tECHNO\Joclaims\android\.gradle\6.5\fileHashes)" [_thread_blocked, id=18048, stack(0x000000001bfa0000,0x000000001c0a0000)]
  0x0000000015fcf800 JavaThread "Cache worker for file hash cache (C:\Users\DELL\.gradle\caches\6.5\fileHashes)" [_thread_blocked, id=8124, stack(0x000000001baa0000,0x000000001bba0000)]
  0x0000000015fd3800 JavaThread "File lock request listener" [_thread_in_native, id=16616, stack(0x000000001b9a0000,0x000000001baa0000)]
  0x0000000017310000 JavaThread "Cache worker for journal cache (C:\Users\DELL\.gradle\caches\journal-1)" [_thread_blocked, id=9908, stack(0x0000000019800000,0x0000000019900000)]
  0x0000000016500800 JavaThread "Thread-9" [_thread_blocked, id=9084, stack(0x0000000019500000,0x0000000019600000)]
  0x0000000016581800 JavaThread "Stdin handler" [_thread_blocked, id=4216, stack(0x0000000019400000,0x0000000019500000)]
  0x0000000016502800 JavaThread "Asynchronous log dispatcher for DefaultDaemonConnection: socket connection from /127.0.0.1:65260 to /127.0.0.1:65261" [_thread_blocked, id=17208, stack(0x0000000019300000,0x0000000019400000)]
  0x000000001657e000 JavaThread "Daemon worker" [_thread_in_vm, id=16912, stack(0x0000000019200000,0x0000000019300000)]
  0x0000000016569800 JavaThread "Cancel handler" [_thread_blocked, id=5692, stack(0x0000000019100000,0x0000000019200000)]
  0x00000000168a7800 JavaThread "Handler for socket connection from /127.0.0.1:65260 to /127.0.0.1:65261" [_thread_in_native, id=3888, stack(0x0000000019000000,0x0000000019100000)]
  0x0000000015393800 JavaThread "Daemon periodic checks" [_thread_blocked, id=16196, stack(0x0000000018f00000,0x0000000019000000)]
  0x0000000015392800 JavaThread "Daemon" [_thread_blocked, id=9340, stack(0x0000000018e00000,0x0000000018f00000)]
  0x0000000015f54000 JavaThread "Incoming local TCP Connector on port 65260" [_thread_in_native, id=4552, stack(0x00000000189c0000,0x0000000018ac0000)]
  0x000000001720a800 JavaThread "Daemon health stats" [_thread_blocked, id=6096, stack(0x0000000018380000,0x0000000018480000)]
  0x00000000151e8800 JavaThread "Service Thread" daemon [_thread_blocked, id=1288, stack(0x00000000157e0000,0x00000000158e0000)]
  0x00000000151e5000 JavaThread "C1 CompilerThread2" daemon [_thread_blocked, id=4532, stack(0x00000000156e0000,0x00000000157e0000)]
  0x00000000151e1000 JavaThread "C2 CompilerThread1" daemon [_thread_blocked, id=13576, stack(0x00000000155e0000,0x00000000156e0000)]
=>0x0000000013a98800 JavaThread "C2 CompilerThread0" daemon [_thread_in_native, id=9400, stack(0x00000000150e0000,0x00000000151e0000)]
  0x0000000013a95800 JavaThread "Attach Listener" daemon [_thread_blocked, id=5832, stack(0x0000000014fe0000,0x00000000150e0000)]
  0x0000000013a95000 JavaThread "Signal Dispatcher" daemon [_thread_blocked, id=9976, stack(0x0000000014ee0000,0x0000000014fe0000)]
  0x000000000266b800 JavaThread "Finalizer" daemon [_thread_blocked, id=13356, stack(0x0000000014ce0000,0x0000000014de0000)]
  0x0000000013a79000 JavaThread "Reference Handler" daemon [_thread_blocked, id=11688, stack(0x0000000014be0000,0x0000000014ce0000)]
  0x0000000002572800 JavaThread "main" [_thread_blocked, id=3480, stack(0x0000000002470000,0x0000000002570000)]

Other Threads:
  0x0000000013a57000 VMThread [stack: 0x0000000014ae0000,0x0000000014be0000] [id=2172]
  0x00000000151eb800 WatcherThread [stack: 0x00000000158e0000,0x00000000159e0000] [id=9228]

VM state:not at safepoint (normal execution)

VM Mutex/Monitor currently owned by a thread: None

heap address: 0x00000000e0000000, size: 512 MB, Compressed Oops mode: 32-bit
Narrow klass base: 0x0000000000000000, Narrow klass shift: 3
Compressed class space size: 1073741824 Address: 0x0000000100000000

Heap:
 PSYoungGen      total 87552K, used 35351K [0x00000000f5580000, 0x00000000fb900000, 0x0000000100000000)
  eden space 76288K, 32% used [0x00000000f5580000,0x00000000f6d8efc8,0x00000000fa000000)
  from space 11264K, 95% used [0x00000000fae00000,0x00000000fb876e18,0x00000000fb900000)
  to   space 12800K, 0% used [0x00000000fa000000,0x00000000fa000000,0x00000000fac80000)
 ParOldGen       total 175104K, used 7014K [0x00000000e0000000, 0x00000000eab00000, 0x00000000f5580000)
  object space 175104K, 4% used [0x00000000e0000000,0x00000000e06d9a48,0x00000000eab00000)
 Metaspace       used 33641K, capacity 34832K, committed 34944K, reserved 1079296K
  class space    used 4613K, capacity 4927K, committed 4992K, reserved 1048576K

Card table byte_map: [0x0000000011a30000,0x0000000011b40000] byte_map_base: 0x0000000011330000

Marking Bits: (ParMarkBitMap*) 0x000000006864f030
 Begin Bits: [0x0000000011ff0000, 0x00000000127f0000)
 End Bits:   [0x00000000127f0000, 0x0000000012ff0000)

Polling page: 0x0000000000ba0000

CodeCache: size=245760Kb used=10407Kb max_used=10418Kb free=235353Kb
 bounds [0x0000000002670000, 0x00000000030b0000, 0x0000000011670000]
 total_blobs=3398 nmethods=2696 adapters=614
 compilation: enabled

Compilation events (10 events):
Event: 116.424 Thread 0x00000000151e1000 2951       4       org.gradle.internal.reflect.MethodSet$MethodKey::hashCode (29 bytes)
Event: 116.425 Thread 0x00000000151e5000 2952       3       org.gradle.internal.reflect.MutableClassDetails::superType (12 bytes)
Event: 116.426 Thread 0x00000000151e5000 nmethod 2952 0x000000000309a350 code [0x000000000309a4c0, 0x000000000309a6e8]
Event: 116.428 Thread 0x00000000151e5000 2953       1       sun.reflect.generics.tree.ClassSignature::getFormalTypeParameters (5 bytes)
Event: 116.428 Thread 0x00000000151e5000 nmethod 2953 0x00000000030a1990 code [0x00000000030a1ae0, 0x00000000030a1bf0]
Event: 116.429 Thread 0x00000000151e5000 2954       3       com.google.common.collect.RegularImmutableMap$EntrySet$1::size (8 bytes)
Event: 116.429 Thread 0x00000000151e5000 nmethod 2954 0x00000000030a1c50 code [0x00000000030a1da0, 0x00000000030a1f10]
Event: 116.431 Thread 0x00000000151e1000 nmethod 2951 0x00000000030a4e90 code [0x00000000030a4fe0, 0x00000000030a5278]
Event: 116.456 Thread 0x00000000151e5000 2955       1       java.lang.reflect.Constructor::getSignature (5 bytes)
Event: 116.456 Thread 0x00000000151e5000 nmethod 2955 0x00000000030a4bd0 code [0x00000000030a4d20, 0x00000000030a4e30]

GC Heap History (10 events):
Event: 13.181 GC heap before
{Heap before GC invocations=3 (full 0):
 PSYoungGen      total 76288K, used 75108K [0x00000000f5580000, 0x00000000faa80000, 0x0000000100000000)
  eden space 65536K, 100% used [0x00000000f5580000,0x00000000f9580000,0x00000000f9580000)
  from space 10752K, 89% used [0x00000000fa000000,0x00000000fa959308,0x00000000faa80000)
  to   space 10752K, 0% used [0x00000000f9580000,0x00000000f9580000,0x00000000fa000000)
 ParOldGen       total 175104K, used 24K [0x00000000e0000000, 0x00000000eab00000, 0x00000000f5580000)
  object space 175104K, 0% used [0x00000000e0000000,0x00000000e0006000,0x00000000eab00000)
 Metaspace       used 20032K, capacity 20628K, committed 20992K, reserved 1067008K
  class space    used 2781K, capacity 2958K, committed 3072K, reserved 1048576K
Event: 13.219 GC heap after
Heap after GC invocations=3 (full 0):
 PSYoungGen      total 76288K, used 10733K [0x00000000f5580000, 0x00000000faa80000, 0x0000000100000000)
  eden space 65536K, 0% used [0x00000000f5580000,0x00000000f5580000,0x00000000f9580000)
  from space 10752K, 99% used [0x00000000f9580000,0x00000000f9ffb728,0x00000000fa000000)
  to   space 10752K, 0% used [0x00000000fa000000,0x00000000fa000000,0x00000000faa80000)
 ParOldGen       total 175104K, used 737K [0x00000000e0000000, 0x00000000eab00000, 0x00000000f5580000)
  object space 175104K, 0% used [0x00000000e0000000,0x00000000e00b8470,0x00000000eab00000)
 Metaspace       used 20032K, capacity 20628K, committed 20992K, reserved 1067008K
  class space    used 2781K, capacity 2958K, committed 3072K, reserved 1048576K
}
Event: 14.352 GC heap before
{Heap before GC invocations=4 (full 0):
 PSYoungGen      total 76288K, used 19951K [0x00000000f5580000, 0x00000000faa80000, 0x0000000100000000)
  eden space 65536K, 14% used [0x00000000f5580000,0x00000000f5e806d8,0x00000000f9580000)
  from space 10752K, 99% used [0x00000000f9580000,0x00000000f9ffb728,0x00000000fa000000)
  to   space 10752K, 0% used [0x00000000fa000000,0x00000000fa000000,0x00000000faa80000)
 ParOldGen       total 175104K, used 737K [0x00000000e0000000, 0x00000000eab00000, 0x00000000f5580000)
  object space 175104K, 0% used [0x00000000e0000000,0x00000000e00b8470,0x00000000eab00000)
 Metaspace       used 20542K, capacity 21140K, committed 21248K, reserved 1067008K
  class space    used 2863K, capacity 3022K, committed 3072K, reserved 1048576K
Event: 14.401 GC heap after
Heap after GC invocations=4 (full 0):
 PSYoungGen      total 76288K, used 7128K [0x00000000f5580000, 0x00000000fea80000, 0x0000000100000000)
  eden space 65536K, 0% used [0x00000000f5580000,0x00000000f5580000,0x00000000f9580000)
  from space 10752K, 66% used [0x00000000fa000000,0x00000000fa6f6010,0x00000000faa80000)
  to   space 10752K, 0% used [0x00000000f9580000,0x00000000f9580000,0x00000000fa000000)
 ParOldGen       total 175104K, used 745K [0x00000000e0000000, 0x00000000eab00000, 0x00000000f5580000)
  object space 175104K, 0% used [0x00000000e0000000,0x00000000e00ba470,0x00000000eab00000)
 Metaspace       used 20542K, capacity 21140K, committed 21248K, reserved 1067008K
  class space    used 2863K, capacity 3022K, committed 3072K, reserved 1048576K
}
Event: 14.401 GC heap before
{Heap before GC invocations=5 (full 1):
 PSYoungGen      total 76288K, used 7128K [0x00000000f5580000, 0x00000000fea80000, 0x0000000100000000)
  eden space 65536K, 0% used [0x00000000f5580000,0x00000000f5580000,0x00000000f9580000)
  from space 10752K, 66% used [0x00000000fa000000,0x00000000fa6f6010,0x00000000faa80000)
  to   space 10752K, 0% used [0x00000000f9580000,0x00000000f9580000,0x00000000fa000000)
 ParOldGen       total 175104K, used 745K [0x00000000e0000000, 0x00000000eab00000, 0x00000000f5580000)
  object space 175104K, 0% used [0x00000000e0000000,0x00000000e00ba470,0x00000000eab00000)
 Metaspace       used 20542K, capacity 21140K, committed 21248K, reserved 1067008K
  class space    used 2863K, capacity 3022K, committed 3072K, reserved 1048576K
Event: 15.097 GC heap after
Heap after GC invocations=5 (full 1):
 PSYoungGen      total 76288K, used 0K [0x00000000f5580000, 0x00000000fea80000, 0x0000000100000000)
  eden space 65536K, 0% used [0x00000000f5580000,0x00000000f5580000,0x00000000f9580000)
  from space 10752K, 0% used [0x00000000fa000000,0x00000000fa000000,0x00000000faa80000)
  to   space 10752K, 0% used [0x00000000f9580000,0x00000000f9580000,0x00000000fa000000)
 ParOldGen       total 175104K, used 6998K [0x00000000e0000000, 0x00000000eab00000, 0x00000000f5580000)
  object space 175104K, 3% used [0x00000000e0000000,0x00000000e06d5a48,0x00000000eab00000)
 Metaspace       used 20542K, capacity 21140K, committed 21248K, reserved 1067008K
  class space    used 2863K, capacity 3022K, committed 3072K, reserved 1048576K
}
Event: 32.615 GC heap before
{Heap before GC invocations=6 (full 1):
 PSYoungGen      total 76288K, used 65536K [0x00000000f5580000, 0x00000000fea80000, 0x0000000100000000)
  eden space 65536K, 100% used [0x00000000f5580000,0x00000000f9580000,0x00000000f9580000)
  from space 10752K, 0% used [0x00000000fa000000,0x00000000fa000000,0x00000000faa80000)
  to   space 10752K, 0% used [0x00000000f9580000,0x00000000f9580000,0x00000000fa000000)
 ParOldGen       total 175104K, used 6998K [0x00000000e0000000, 0x00000000eab00000, 0x00000000f5580000)
  object space 175104K, 3% used [0x00000000e0000000,0x00000000e06d5a48,0x00000000eab00000)
 Metaspace       used 28674K, capacity 29492K, committed 29568K, reserved 1075200K
  class space    used 3953K, capacity 4175K, committed 4224K, reserved 1048576K
Event: 32.710 GC heap after
Heap after GC invocations=6 (full 1):
 PSYoungGen      total 76288K, used 8589K [0x00000000f5580000, 0x00000000fba00000, 0x0000000100000000)
  eden space 65536K, 0% used [0x00000000f5580000,0x00000000f5580000,0x00000000f9580000)
  from space 10752K, 79% used [0x00000000f9580000,0x00000000f9de3528,0x00000000fa000000)
  to   space 12288K, 0% used [0x00000000fae00000,0x00000000fae00000,0x00000000fba00000)
 ParOldGen       total 175104K, used 7006K [0x00000000e0000000, 0x00000000eab00000, 0x00000000f5580000)
  object space 175104K, 4% used [0x00000000e0000000,0x00000000e06d7a48,0x00000000eab00000)
 Metaspace       used 28674K, capacity 29492K, committed 29568K, reserved 1075200K
  class space    used 3953K, capacity 4175K, committed 4224K, reserved 1048576K
}
Event: 114.945 GC heap before
{Heap before GC invocations=7 (full 1):
 PSYoungGen      total 76288K, used 74125K [0x00000000f5580000, 0x00000000fba00000, 0x0000000100000000)
  eden space 65536K, 100% used [0x00000000f5580000,0x00000000f9580000,0x00000000f9580000)
  from space 10752K, 79% used [0x00000000f9580000,0x00000000f9de3528,0x00000000fa000000)
  to   space 12288K, 0% used [0x00000000fae00000,0x00000000fae00000,0x00000000fba00000)
 ParOldGen       total 175104K, used 7006K [0x00000000e0000000, 0x00000000eab00000, 0x00000000f5580000)
  object space 175104K, 4% used [0x00000000e0000000,0x00000000e06d7a48,0x00000000eab00000)
 Metaspace       used 32954K, capacity 33964K, committed 34304K, reserved 1079296K
  class space    used 4491K, capacity 4749K, committed 4864K, reserved 1048576K
Event: 115.137 GC heap after
Heap after GC invocations=7 (full 1):
 PSYoungGen      total 87552K, used 10715K [0x00000000f5580000, 0x00000000fb900000, 0x0000000100000000)
  eden space 76288K, 0% used [0x00000000f5580000,0x00000000f5580000,0x00000000fa000000)
  from space 11264K, 95% used [0x00000000fae00000,0x00000000fb876e18,0x00000000fb900000)
  to   space 12800K, 0% used [0x00000000fa000000,0x00000000fa000000,0x00000000fac80000)
 ParOldGen       total 175104K, used 7014K [0x00000000e0000000, 0x00000000eab00000, 0x00000000f5580000)
  object space 175104K, 4% used [0x00000000e0000000,0x00000000e06d9a48,0x00000000eab00000)
 Metaspace       used 32954K, capacity 33964K, committed 34304K, reserved 1079296K
  class space    used 4491K, capacity 4749K, committed 4864K, reserved 1048576K
}

Deoptimization events (10 events):
Event: 34.129 Thread 0x000000001657e000 Uncommon trap: reason=class_check action=maybe_recompile pc=0x0000000002f2578c method=org.codehaus.groovy.runtime.metaclass.MetaMethodIndex.addMethodToList(Ljava/lang/Object;Lgroovy/lang/MetaMethod;)Ljava/lang/Object; @ 240
Event: 34.129 Thread 0x000000001657e000 Uncommon trap: reason=class_check action=maybe_recompile pc=0x0000000002f2578c method=org.codehaus.groovy.runtime.metaclass.MetaMethodIndex.addMethodToList(Ljava/lang/Object;Lgroovy/lang/MetaMethod;)Ljava/lang/Object; @ 240
Event: 34.129 Thread 0x000000001657e000 Uncommon trap: reason=class_check action=maybe_recompile pc=0x0000000002f2578c method=org.codehaus.groovy.runtime.metaclass.MetaMethodIndex.addMethodToList(Ljava/lang/Object;Lgroovy/lang/MetaMethod;)Ljava/lang/Object; @ 240
Event: 34.241 Thread 0x000000001657e000 Uncommon trap: reason=unstable_if action=reinterpret pc=0x0000000002f259cc method=org.codehaus.groovy.runtime.metaclass.MetaMethodIndex.addMethodToList(Ljava/lang/Object;Lgroovy/lang/MetaMethod;)Ljava/lang/Object; @ 226
Event: 77.342 Thread 0x000000001657e000 Uncommon trap: reason=unstable_if action=reinterpret pc=0x0000000002f0667c method=java.io.BufferedInputStream.read([BII)I @ 56
Event: 111.738 Thread 0x000000001657e000 Uncommon trap: reason=unstable_if action=reinterpret pc=0x0000000002842104 method=java.util.HashMap.getNode(ILjava/lang/Object;)Ljava/util/HashMap$Node; @ 53
Event: 111.740 Thread 0x000000001657e000 Uncommon trap: reason=unstable_if action=reinterpret pc=0x0000000002f49c20 method=java.util.HashMap.putVal(ILjava/lang/Object;Ljava/lang/Object;ZZ)Ljava/lang/Object; @ 85
Event: 113.450 Thread 0x000000001657e000 Uncommon trap: reason=unstable_if action=reinterpret pc=0x0000000002b94a84 method=org.gradle.internal.reflect.PropertyAccessorType.isGetGetterName(Ljava/lang/String;)Z @ 14
Event: 113.589 Thread 0x000000001657e000 Uncommon trap: reason=unstable_if action=reinterpret pc=0x0000000002d0e440 method=org.objectweb.asm.ByteVector.putShort(I)Lorg/objectweb/asm/ByteVector; @ 13
Event: 116.134 Thread 0x000000001657e000 Uncommon trap: reason=range_check action=make_not_entrant pc=0x0000000002fed9e4 method=java.lang.String.charAt(I)C @ 27

Classes redefined (0 events):
No events

Internal exceptions (10 events):
Event: 115.606 Thread 0x000000001657e000 Exception <a 'java/lang/ClassNotFoundException': org/gradle/api/internal/artifacts/DefaultArtifactRepositoryContainerBeanInfo> (0x00000000f5f45db0) thrown at [C:\src\AOSP-openjdk-git\hotspot\src\share\vm\classfile\systemDictionary.cpp, line 210]
Event: 115.616 Thread 0x000000001657e000 Exception <a 'java/lang/ClassNotFoundException': org/gradle/api/internal/DefaultNamedDomainObjectListBeanInfo> (0x00000000f5f78e98) thrown at [C:\src\AOSP-openjdk-git\hotspot\src\share\vm\classfile\systemDictionary.cpp, line 210]
Event: 115.617 Thread 0x000000001657e000 Exception <a 'java/lang/ClassNotFoundException': org/gradle/api/internal/DefaultNamedDomainObjectCollectionBeanInfo> (0x00000000f5fae9c8) thrown at [C:\src\AOSP-openjdk-git\hotspot\src\share\vm\classfile\systemDictionary.cpp, line 210]
Event: 115.618 Thread 0x000000001657e000 Exception <a 'java/lang/ClassNotFoundException': org/gradle/api/internal/DefaultDomainObjectCollectionBeanInfo> (0x00000000f5fe2e80) thrown at [C:\src\AOSP-openjdk-git\hotspot\src\share\vm\classfile\systemDictionary.cpp, line 210]
Event: 115.621 Thread 0x000000001657e000 Exception <a 'java/lang/ClassNotFoundException': org/gradle/api/internal/DefaultDomainObjectCollectionCustomizer> (0x00000000f6017f88) thrown at [C:\src\AOSP-openjdk-git\hotspot\src\share\vm\classfile\systemDictionary.cpp, line 210]
Event: 115.629 Thread 0x000000001657e000 Exception <a 'java/lang/ClassNotFoundException': org/gradle/api/internal/DefaultNamedDomainObjectCollectionCustomizer> (0x00000000f60760f0) thrown at [C:\src\AOSP-openjdk-git\hotspot\src\share\vm\classfile\systemDictionary.cpp, line 210]
Event: 115.641 Thread 0x000000001657e000 Exception <a 'java/lang/ClassNotFoundException': org/gradle/api/internal/DefaultNamedDomainObjectListCustomizer> (0x00000000f60eaaa0) thrown at [C:\src\AOSP-openjdk-git\hotspot\src\share\vm\classfile\systemDictionary.cpp, line 210]
Event: 115.686 Thread 0x000000001657e000 Exception <a 'java/lang/ClassNotFoundException': org/gradle/api/internal/artifacts/DefaultArtifactRepositoryContainerCustomizer> (0x00000000f615e958) thrown at [C:\src\AOSP-openjdk-git\hotspot\src\share\vm\classfile\systemDictionary.cpp, line 210]
Event: 115.689 Thread 0x000000001657e000 Exception <a 'java/lang/ClassNotFoundException': org/gradle/api/internal/artifacts/dsl/DefaultRepositoryHandlerCustomizer> (0x00000000f61c3c58) thrown at [C:\src\AOSP-openjdk-git\hotspot\src\share\vm\classfile\systemDictionary.cpp, line 210]
Event: 115.706 Thread 0x000000001657e000 Exception <a 'java/lang/ClassNotFoundException': org/gradle/api/internal/artifacts/dsl/DefaultRepositoryHandler_DecoratedCustomizer> (0x00000000f6247510) thrown at [C:\src\AOSP-openjdk-git\hotspot\src\share\vm\classfile\systemDictionary.cpp, line 210]

Events (10 events):
Event: 116.448 loading class org/gradle/api/internal/file/collections/FileCollectionContainer
Event: 116.448 loading class org/gradle/api/internal/file/collections/FileCollectionContainer done
Event: 116.450 loading class org/gradle/api/internal/artifacts/configurations/DefaultConfigurationPublications$ConfigurationVariantFactory
Event: 116.450 loading class org/gradle/api/internal/artifacts/configurations/DefaultConfigurationPublications$ConfigurationVariantFactory done
Event: 116.450 loading class org/gradle/api/artifacts/ConfigurationVariant
Event: 116.453 loading class org/gradle/api/artifacts/ConfigurationVariant done
Event: 116.466 loading class org/gradle/internal/snapshot/impl/CoercingStringValueSnapshot
Event: 116.466 loading class org/gradle/internal/snapshot/impl/CoercingStringValueSnapshot done
Event: 116.467 loading class org/gradle/internal/snapshot/impl/StringValueSnapshot
Event: 116.467 loading class org/gradle/internal/snapshot/impl/StringValueSnapshot done


Dynamic libraries:
0x00007ff6916c0000 - 0x00007ff6916f1000 	C:\Program Files\Android\Android Studio\jre\bin\java.exe
0x00007ffe7fe60000 - 0x00007ffe80050000 	C:\Windows\SYSTEM32\ntdll.dll
0x00007ffe7f650000 - 0x00007ffe7f702000 	C:\Windows\System32\KERNEL32.DLL
0x00007ffe7ce40000 - 0x00007ffe7d0e5000 	C:\Windows\System32\KERNELBASE.dll
0x00007ffe7f8f0000 - 0x00007ffe7f993000 	C:\Windows\System32\ADVAPI32.dll
0x00007ffe7dfd0000 - 0x00007ffe7e06e000 	C:\Windows\System32\msvcrt.dll
0x00007ffe7ef70000 - 0x00007ffe7f007000 	C:\Windows\System32\sechost.dll
0x00007ffe7f010000 - 0x00007ffe7f12f000 	C:\Windows\System32\RPCRT4.dll
0x00007ffe7f9a0000 - 0x00007ffe7fb34000 	C:\Windows\System32\USER32.dll
0x00007ffe7d220000 - 0x00007ffe7d241000 	C:\Windows\System32\win32u.dll
0x00007ffe7f5b0000 - 0x00007ffe7f5d6000 	C:\Windows\System32\GDI32.dll
0x00007ffe7d250000 - 0x00007ffe7d3e8000 	C:\Windows\System32\gdi32full.dll
0x00007ffe7d480000 - 0x00007ffe7d51e000 	C:\Windows\System32\msvcp_win.dll
0x00007ffe7d0f0000 - 0x00007ffe7d1ea000 	C:\Windows\System32\ucrtbase.dll
0x00007ffe60fe0000 - 0x00007ffe61264000 	C:\Windows\WinSxS\amd64_microsoft.windows.common-controls_6595b64144ccf1df_6.0.18362.1440_none_9e7dbfb9e45e8e67\COMCTL32.dll
0x00007ffe7e760000 - 0x00007ffe7ea96000 	C:\Windows\System32\combase.dll
0x00007ffe7d3f0000 - 0x00007ffe7d471000 	C:\Windows\System32\bcryptPrimitives.dll
0x00007ffe7f790000 - 0x00007ffe7f7be000 	C:\Windows\System32\IMM32.DLL
0x00000000686d0000 - 0x00000000687a2000 	C:\Program Files\Android\Android Studio\jre\jre\bin\msvcr100.dll
0x0000000067e80000 - 0x00000000686cb000 	C:\Program Files\Android\Android Studio\jre\jre\bin\server\jvm.dll
0x00007ffe7dfc0000 - 0x00007ffe7dfc8000 	C:\Windows\System32\PSAPI.DLL
0x00007ffe6bc30000 - 0x00007ffe6bc39000 	C:\Windows\SYSTEM32\WSOCK32.dll
0x00007ffe7f7c0000 - 0x00007ffe7f82f000 	C:\Windows\System32\WS2_32.dll
0x00007ffe78f30000 - 0x00007ffe78f54000 	C:\Windows\SYSTEM32\WINMM.dll
0x00007ffe76170000 - 0x00007ffe7617a000 	C:\Windows\SYSTEM32\VERSION.dll
0x00007ffe78f00000 - 0x00007ffe78f2d000 	C:\Windows\SYSTEM32\WINMMBASE.dll
0x00007ffe7cdd0000 - 0x00007ffe7ce1a000 	C:\Windows\System32\cfgmgr32.dll
0x00007ffe79350000 - 0x00007ffe7935f000 	C:\Program Files\Android\Android Studio\jre\jre\bin\verify.dll
0x00007ffe6e890000 - 0x00007ffe6e8b9000 	C:\Program Files\Android\Android Studio\jre\jre\bin\java.dll
0x00007ffe76430000 - 0x00007ffe76446000 	C:\Program Files\Android\Android Studio\jre\jre\bin\zip.dll
0x00007ffe7e070000 - 0x00007ffe7e758000 	C:\Windows\System32\SHELL32.dll
0x00007ffe7df10000 - 0x00007ffe7dfb7000 	C:\Windows\System32\shcore.dll
0x00007ffe7d520000 - 0x00007ffe7dc9b000 	C:\Windows\System32\windows.storage.dll
0x00007ffe7cdb0000 - 0x00007ffe7cdce000 	C:\Windows\System32\profapi.dll
0x00007ffe7cd20000 - 0x00007ffe7cd6a000 	C:\Windows\System32\powrprof.dll
0x00007ffe7cd10000 - 0x00007ffe7cd20000 	C:\Windows\System32\UMPDC.dll
0x00007ffe7f830000 - 0x00007ffe7f882000 	C:\Windows\System32\shlwapi.dll
0x00007ffe7cd90000 - 0x00007ffe7cda1000 	C:\Windows\System32\kernel.appcore.dll
0x00007ffe7ce20000 - 0x00007ffe7ce37000 	C:\Windows\System32\cryptsp.dll
0x00007ffe6ebd0000 - 0x00007ffe6ebea000 	C:\Program Files\Android\Android Studio\jre\jre\bin\net.dll
0x00007ffe7c550000 - 0x00007ffe7c5b7000 	C:\Windows\system32\mswsock.dll
0x00007ffe6e560000 - 0x00007ffe6e573000 	C:\Program Files\Android\Android Studio\jre\jre\bin\nio.dll
0x00007ffe6e3f0000 - 0x00007ffe6e417000 	C:\Users\DELL\.gradle\native\f6784746aeab05261644944871eae4fe03e0ef1612fff0a4a95f87b438bc6780\windows-amd64\native-platform.dll
0x00007ffe6ece0000 - 0x00007ffe6eced000 	C:\Program Files\Android\Android Studio\jre\jre\bin\management.dll
0x00007ffe7c0d0000 - 0x00007ffe7c103000 	C:\Windows\system32\rsaenh.dll
0x00007ffe7d1f0000 - 0x00007ffe7d216000 	C:\Windows\System32\bcrypt.dll
0x00007ffe7cc30000 - 0x00007ffe7cc55000 	C:\Windows\SYSTEM32\USERENV.dll
0x00007ffe7c720000 - 0x00007ffe7c72c000 	C:\Windows\SYSTEM32\CRYPTBASE.dll
0x00007ffe7c260000 - 0x00007ffe7c29a000 	C:\Windows\SYSTEM32\IPHLPAPI.DLL
0x00007ffe7f130000 - 0x00007ffe7f138000 	C:\Windows\System32\NSI.dll
0x00007ffe72580000 - 0x00007ffe72596000 	C:\Windows\SYSTEM32\dhcpcsvc6.DLL
0x00007ffe74920000 - 0x00007ffe7493c000 	C:\Windows\SYSTEM32\dhcpcsvc.DLL
0x00007ffe7c2a0000 - 0x00007ffe7c36b000 	C:\Windows\SYSTEM32\DNSAPI.dll
0x00007ffe756d0000 - 0x00007ffe756db000 	C:\Windows\SYSTEM32\WINNSI.DLL

VM Arguments:
jvm_args: -XX:MaxMetaspaceSize=256m -XX:+HeapDumpOnOutOfMemoryError -Xms256m -Xmx512m -Dfile.encoding=windows-1252 -Duser.country=US -Duser.language=en -Duser.variant 
java_command: org.gradle.launcher.daemon.bootstrap.GradleDaemon 6.5
java_class_path (initial): C:\Users\DELL\.gradle\wrapper\dists\gradle-6.5-all\2oz4ud9k3tuxjg84bbf55q0tn\gradle-6.5\lib\gradle-launcher-6.5.jar
Launcher Type: SUN_STANDARD

Environment Variables:
JAVA_HOME=C:\Program Files\Android\Android Studio\jre
CLASSPATH=D:\tECHNO\Joclaims\android\\gradle\wrapper\gradle-wrapper.jar
PATH=D:\tECHNO\Joclaims\android\node_modules\.bin;D:\tECHNO\Joclaims\node_modules\.bin;D:\tECHNO\node_modules\.bin;D:\node_modules\.bin;C:\Program Files\nodejs;D:\tECHNO\Joclaims\node_modules\.bin;D:\tECHNO\node_modules\.bin;D:\node_modules\.bin;C:\Program Files\nodejs\node_modules\npm\node_modules\@npmcli\run-script\lib\node-gyp-bin;C:\Windows\system32;C:\Windows;C:\Windows\System32\Wbem;C:\Windows\System32\WindowsPowerShell\v1.0\;C:\Windows\System32\OpenSSH\;C:\ProgramData\chocolatey\bin;C:\Program Files\nodejs\;C:\Program Files\OpenJDK\openjdk-8u275-b01\bin;C:\Program Files\Git\cmd;C:\Program Files\dotnet\;C:\Users\DELL\AppData\Local\Microsoft\WindowsApps;C:\Users\DELL\AppData\Local\Programs\Microsoft VS Code\bin;C:\Users\DELL\AppData\Local\Android\Sdk\platform-tools;C:\Users\DELL\AppData\Roaming\npm;C:\Users\DELL\AppData\Local\GitHubDesktop\bin;C:\Users\DELL\.dotnet\tools;D:\tECHNO\Joclaims\node_modules\.bin
USERNAME=DELL
OS=Windows_NT
PROCESSOR_IDENTIFIER=Intel64 Family 6 Model 142 Stepping 9, GenuineIntel



---------------  S Y S T E M  ---------------

OS: Windows 10.0 , 64 bit Build 18362 (10.0.18362.1350)

CPU:total 4 (initial active 4) (2 cores per cpu, 2 threads per core) family 6 model 142 stepping 9, cmov, cx8, fxsr, mmx, sse, sse2, sse3, ssse3, sse4.1, sse4.2, popcnt, avx, avx2, aes, clmul, erms, rtm, 3dnowpref, lzcnt, ht, tsc, tscinvbit, bmi1, bmi2, adx

Memory: 4k page, physical 8270392k(143136k free), swap 26159368k(5712k free)

vm_info: OpenJDK 64-Bit Server VM (25.242-b01) for windows-amd64 JRE (1.8.0_242-release-1644-b01), built by "builder" with MS VC++ 10.0 (VS2010)

time: Sat Apr 10 18:07:59 2021
timezone: Pakistan Standard Time
elapsed time: 116 seconds (0d 0h 1m 56s)

